<?xml version="1.0" encoding="UTF-8"?>
<Site BuildName="Linux-clang++"
	BuildStamp="20231215-1325-Experimental"
	Name="nk-eos"
	Generator="ctest-3.28.0"
	CompilerName="/usr/bin/clang++"
	CompilerVersion="16.0.6"
	OSName="Linux"
	Hostname="nk-eos"
	OSRelease="6.6.6-arch1-1"
	OSVersion="#1 SMP PREEMPT_DYNAMIC Mon, 11 Dec 2023 11:48:23 +0000"
	OSPlatform="x86_64"
	Is64Bits="1"
	VendorString="GenuineIntel"
	VendorID="Intel Corporation"
	FamilyID="6"
	ModelID="158"
	ProcessorCacheSize="12288"
	NumberOfLogicalCPU="12"
	NumberOfPhysicalCPU="6"
	TotalVirtualMemory="70453"
	TotalPhysicalMemory="32024"
	LogicalProcessorsPerPhysical="2"
	ProcessorClockFrequency="4299.97"
	>
	<Testing>
		<StartDateTime>Dec 15 14:57 CET</StartDateTime>
		<StartTestTime>1702648673</StartTestTime>
		<TestList/>
		<EndDateTime>Dec 15 14:57 CET</EndDateTime>
		<EndTestTime>1702648673</EndTestTime>
		<ElapsedMinutes>0</ElapsedMinutes>
	</Testing>
</Site>
